<?xml version="1.0" encoding="UTF-8"?>
<!-- Generated by org.testng.reporters.JUnitReportReporter -->
<testsuite hostname="LIN-C57ZKQ3" failures="0" tests="2" name="cucumberOptions.TestNgTestRunner" time="13.822" errors="0" timestamp="2024-08-10T22:54:26 IST" skipped="0">
  <testcase classname="cucumberOptions.TestNgTestRunner" name="runScenario" time="7.259"/>
  <testcase classname="cucumberOptions.TestNgTestRunner" name="runScenario" time="6.563"/>
</testsuite> <!-- cucumberOptions.TestNgTestRunner -->
