<?xml version="1.0" encoding="UTF-8"?>
<!-- Generated by org.testng.reporters.JUnitReportReporter -->
<testsuite hostname="LIN-C57ZKQ3" failures="0" tests="1" name="cucumberOptions.TestNgTestRunner" time="3.958" errors="0" timestamp="2024-08-15T17:25:44 IST" skipped="0">
  <testcase classname="cucumberOptions.TestNgTestRunner" name="runScenario" time="3.958"/>
</testsuite> <!-- cucumberOptions.TestNgTestRunner -->
