<?xml version="1.0" encoding="UTF-8"?>
<!-- Generated by org.testng.reporters.JUnitReportReporter -->
<testsuite hostname="LIN-C57ZKQ3" failures="0" tests="1" name="cucumberOptions.TestNgTestRunner" time="4.114" errors="0" timestamp="2024-08-15T20:49:10 IST" skipped="0">
  <testcase classname="cucumberOptions.TestNgTestRunner" name="runScenario" time="4.114"/>
</testsuite> <!-- cucumberOptions.TestNgTestRunner -->
