<?xml version="1.0" encoding="UTF-8"?>
<!-- Generated by org.testng.reporters.JUnitReportReporter -->
<testsuite hostname="LIN-C57ZKQ3" failures="0" tests="1" name="cucumberOptions.TestNgTestRunner" time="6.475" errors="0" timestamp="2024-08-15T18:03:29 IST" skipped="0">
  <testcase classname="cucumberOptions.TestNgTestRunner" name="runScenario" time="6.475"/>
</testsuite> <!-- cucumberOptions.TestNgTestRunner -->
